[debug] [2024-10-02T08:17:30.663Z] ----------------------------------------------------------------------
[debug] [2024-10-02T08:17:30.665Z] Command:       /home/ta2khu75/.nvm/versions/node/v20.16.0/bin/node /home/ta2khu75/.nvm/versions/node/v20.16.0/bin/firebase init
[debug] [2024-10-02T08:17:30.665Z] CLI Version:   13.20.2
[debug] [2024-10-02T08:17:30.665Z] Platform:      linux
[debug] [2024-10-02T08:17:30.665Z] Node Version:  v20.16.0
[debug] [2024-10-02T08:17:30.665Z] Time:          Wed Oct 02 2024 15:17:30 GMT+0700 (Indochina Time)
[debug] [2024-10-02T08:17:30.665Z] ----------------------------------------------------------------------
[debug] 
[debug] [2024-10-02T08:17:30.668Z] > command requires scopes: ["email","openid","https://www.googleapis.com/auth/cloudplatformprojects.readonly","https://www.googleapis.com/auth/firebase","https://www.googleapis.com/auth/cloud-platform"]
[debug] [2024-10-02T08:17:30.669Z] > authorizing via signed-in user (tranngocminh474@gmail.com)
[info] 
     ######## #### ########  ######## ########     ###     ######  ########
     ##        ##  ##     ## ##       ##     ##  ##   ##  ##       ##
     ######    ##  ########  ######   ########  #########  ######  ######
     ##        ##  ##    ##  ##       ##     ## ##     ##       ## ##
     ##       #### ##     ## ######## ########  ##     ##  ######  ########

You're about to initialize a Firebase project in this directory:

  /home/ta2khu75/Documents/learn/intern/learn_about_react/react-app

[info] 
=== Project Setup
[info] 
[info] First, let's associate this project directory with a Firebase project.
[info] You can create multiple project aliases by running firebase use --add, 
[info] but for now we'll just set up a default project.
[info] 
[debug] [2024-10-02T08:20:42.517Z] Checked if tokens are valid: true, expires at: 1727860622277
[debug] [2024-10-02T08:20:42.517Z] Checked if tokens are valid: true, expires at: 1727860622277
[debug] [2024-10-02T08:20:42.519Z] >>> [apiv2][query] GET https://firebase.googleapis.com/v1beta1/projects pageSize=100
[debug] [2024-10-02T08:20:43.216Z] <<< [apiv2][status] GET https://firebase.googleapis.com/v1beta1/projects 200
[debug] [2024-10-02T08:20:43.216Z] <<< [apiv2][body] GET https://firebase.googleapis.com/v1beta1/projects [omitted]
[info] i  Using project react-with-firebase-1726e (react-with-firebase) 
[info] 
=== Hosting Setup
[debug] [2024-10-02T08:20:54.087Z] Checked if tokens are valid: true, expires at: 1727860622277
[debug] [2024-10-02T08:20:54.087Z] Checked if tokens are valid: true, expires at: 1727860622277
[debug] [2024-10-02T08:20:54.088Z] >>> [apiv2][query] GET https://firebase.googleapis.com/v1beta1/projects/react-with-firebase-1726e [none]
[debug] [2024-10-02T08:20:54.477Z] <<< [apiv2][status] GET https://firebase.googleapis.com/v1beta1/projects/react-with-firebase-1726e 200
[debug] [2024-10-02T08:20:54.477Z] <<< [apiv2][body] GET https://firebase.googleapis.com/v1beta1/projects/react-with-firebase-1726e {"projectId":"react-with-firebase-1726e","projectNumber":"857731126630","displayName":"react-with-firebase","name":"projects/react-with-firebase-1726e","resources":{"hostingSite":"react-with-firebase-1726e"},"state":"ACTIVE","etag":"1_99ab0e8f-2b6d-4e38-be72-b254ffb4518e"}
[info] 
[info] Your public directory is the folder (relative to your project directory) that
[info] will contain Hosting assets to be uploaded with firebase deploy. If you
[info] have a build process for your assets, use your build's output directory.
[info] 
[info] ✔  Wrote public/404.html 
[debug] [2024-10-02T08:21:45.908Z] >>> [apiv2][query] GET https://www.gstatic.com/firebasejs/releases.json [none]
[debug] [2024-10-02T08:21:46.074Z] <<< [apiv2][status] GET https://www.gstatic.com/firebasejs/releases.json 200
[debug] [2024-10-02T08:21:46.074Z] <<< [apiv2][body] GET https://www.gstatic.com/firebasejs/releases.json {"current":{"version":"10.14.0","browserURL":"https://www.gstatic.com/firebasejs/10.14.0/firebase.js","packageURL":"https://www.gstatic.com/firebasejs/10.14.0/firebase.tgz"},"live":{"version":"10.14","browserURL":"https://www.gstatic.com/firebasejs/live/10.14/firebase.js","packageURL":"https://www.gstatic.com/firebasejs/live/10.14/firebase.tgz"},"components":{"analytics":"https://www.gstatic.com/firebasejs/10.14.0/firebase-analytics.js","app":"https://www.gstatic.com/firebasejs/10.14.0/firebase-app.js","app-check":"https://www.gstatic.com/firebasejs/10.14.0/firebase-app-check.js","auth":"https://www.gstatic.com/firebasejs/10.14.0/firebase-auth.js","auth/cordova":"https://www.gstatic.com/firebasejs/10.14.0/firebase-auth/cordova.js","auth/web-extension":"https://www.gstatic.com/firebasejs/10.14.0/firebase-auth/web-extension.js","functions":"https://www.gstatic.com/firebasejs/10.14.0/firebase-functions.js","firestore":"https://www.gstatic.com/firebasejs/10.14.0/firebase-firestore.js","firestore/lite":"https://www.gstatic.com/firebasejs/10.14.0/firebase-firestore/lite.js","installations":"https://www.gstatic.com/firebasejs/10.14.0/firebase-installations.js","storage":"https://www.gstatic.com/firebasejs/10.14.0/firebase-storage.js","performance":"https://www.gstatic.com/firebasejs/10.14.0/firebase-performance.js","remote-config":"https://www.gstatic.com/firebasejs/10.14.0/firebase-remote-config.js","messaging":"https://www.gstatic.com/firebasejs/10.14.0/firebase-messaging.js","messaging/sw":"https://www.gstatic.com/firebasejs/10.14.0/firebase-messaging/sw.js","database":"https://www.gstatic.com/firebasejs/10.14.0/firebase-database.js","data-connect":"https://www.gstatic.com/firebasejs/10.14.0/firebase-data-connect.js","vertexai-preview":"https://www.gstatic.com/firebasejs/10.14.0/firebase-vertexai-preview.js","firestore.memory":"https://www.gstatic.com/firebasejs/10.14.0/firebase-firestore.memory.js"}}
[info] i  Skipping write of public/index.html 
[info] 
[info] i  Detected a .git folder at /home/ta2khu75/Documents/learn/intern/learn_about_react/react-app 
[info] i  Authorizing with GitHub to upload your service account to a GitHub repository's secrets store. 
[info] 
[info] Visit this URL on this device to log in:
[info] https://github.com/login/oauth/authorize?client_id=89cf50f02ac6aaed3484&state=146315539&redirect_uri=http%3A%2F%2Flocalhost%3A9005&scope=read%3Auser%20repo%20public_repo
[info] 
[info] Waiting for authentication...
[debug] [2024-10-02T08:22:15.811Z] >>> [apiv2][query] POST https://github.com/login/oauth/access_token [none]
[debug] [2024-10-02T08:22:15.811Z] >>> [apiv2][body] POST https://github.com/login/oauth/access_token [stream]
[debug] [2024-10-02T08:22:16.222Z] <<< [apiv2][status] POST https://github.com/login/oauth/access_token 200
[debug] [2024-10-02T08:22:16.223Z] <<< [apiv2][body] POST https://github.com/login/oauth/access_token {"access_token":"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","token_type":"bearer","scope":"read:user,repo"}
[debug] [2024-10-02T08:22:16.224Z] >>> [apiv2][query] GET https://api.github.com/user [none]
[debug] [2024-10-02T08:22:16.637Z] <<< [apiv2][status] GET https://api.github.com/user 200
[debug] [2024-10-02T08:22:16.637Z] <<< [apiv2][body] GET https://api.github.com/user {"login":"ta2khu75","id":118422652,"node_id":"U_kgDOBw78fA","avatar_url":"https://avatars.githubusercontent.com/u/118422652?v=4","gravatar_id":"","url":"https://api.github.com/users/ta2khu75","html_url":"https://github.com/ta2khu75","followers_url":"https://api.github.com/users/ta2khu75/followers","following_url":"https://api.github.com/users/ta2khu75/following{/other_user}","gists_url":"https://api.github.com/users/ta2khu75/gists{/gist_id}","starred_url":"https://api.github.com/users/ta2khu75/starred{/owner}{/repo}","subscriptions_url":"https://api.github.com/users/ta2khu75/subscriptions","organizations_url":"https://api.github.com/users/ta2khu75/orgs","repos_url":"https://api.github.com/users/ta2khu75/repos","events_url":"https://api.github.com/users/ta2khu75/events{/privacy}","received_events_url":"https://api.github.com/users/ta2khu75/received_events","type":"User","site_admin":false,"name":"ta2khu75","company":null,"blog":"","location":null,"email":null,"hireable":null,"bio":null,"twitter_username":null,"notification_email":null,"public_repos":9,"public_gists":0,"followers":0,"following":1,"created_at":"2022-11-17T05:49:16Z","updated_at":"2024-09-21T16:00:08Z","private_gists":0,"total_private_repos":0,"owned_private_repos":0,"disk_usage":122208,"collaborators":0,"two_factor_authentication":false,"plan":{"name":"free","space":976562499,"collaborators":0,"private_repos":10000}}
[info] 
[info] ✔  Success! Logged into GitHub as ta2khu75 
[info] 
